/usr/local/google/home/agam/.rvm/rubies/ruby-2.0.0-p353/bin/ruby extconf.rb 
creating Makefile

make "DESTDIR=" clean

make "DESTDIR="
compiling yajl_gen.c
compiling yajl.c
compiling yajl_buf.c
compiling yajl_version.c
compiling yajl_encode.c
compiling yajl_ext.c
yajl_ext.c: In function ‘yajl_encode_part’:
yajl_ext.c:117:21: warning: variable ‘status’ set but not used [-Wunused-but-set-variable]
yajl_ext.c: In function ‘yajl_found_hash_key’:
yajl_ext.c:291:9: warning: ISO C90 forbids mixed declarations and code [-Wdeclaration-after-statement]
yajl_ext.c: In function ‘rb_yajl_parser_parse’:
yajl_ext.c:442:17: warning: variable ‘stat’ set but not used [-Wunused-but-set-variable]
compiling yajl_lex.c
compiling yajl_alloc.c
compiling yajl_parser.c
linking shared-object yajl/yajl.so

make "DESTDIR=" install
/usr/bin/install -m 0755 yajl.so ./.gem.20140401-13040-3a4fa1/yajl
installing default yajl libraries
