/usr/local/google/home/agam/.rvm/rubies/ruby-2.0.0-p353/bin/ruby extconf.rb 
checking for ffi_call() in -lffi... yes
checking for ffi_prep_closure()... yes
checking for ffi_raw_call()... yes
checking for ffi_prep_raw_closure()... yes
checking for rb_thread_blocking_region()... yes
checking for rb_thread_call_with_gvl()... yes
checking for rb_thread_call_without_gvl()... yes
checking for ffi_prep_cif_var()... yes
creating extconf.h
creating Makefile

make "DESTDIR=" clean

make "DESTDIR="
compiling ffi.c
compiling DataConverter.c
compiling ArrayType.c
compiling StructLayout.c
compiling MappedType.c
compiling StructByReference.c
compiling Types.c
compiling FunctionInfo.c
compiling Platform.c
compiling Struct.c
compiling LongDouble.c
compiling LastError.c
compiling Variadic.c
compiling Buffer.c
compiling Thread.c
compiling Pointer.c
compiling Call.c
compiling Type.c
compiling MemoryPointer.c
compiling Function.c
Function.c: In function ‘callback_invoke’:
Function.c:479:9: warning: passing argument 1 of ‘rb_thread_call_with_gvl’ from incompatible pointer type [enabled by default]
Function.c:102:14: note: expected ‘void * (*)(void *)’ but argument is of type ‘VALUE (*)(void *)’
compiling MethodHandle.c
compiling StructByValue.c
compiling ClosurePool.c
compiling AbstractMemory.c
compiling DynamicLibrary.c
linking shared-object ffi_c.so

make "DESTDIR=" install
/usr/bin/install -m 0755 ffi_c.so ./.gem.20140401-13040-kfh5ae
installing default ffi_c libraries
